<?xml version="1.0" encoding="UTF-8"?>
<testng-results ignored="0" total="1" passed="1" failed="0" skipped="0">
  <reporter-output>
  </reporter-output>
  <suite started-at="2024-05-04T14:03:00 IST" name="Default suite" finished-at="2024-05-04T14:03:12 IST" duration-ms="11602">
    <groups>
      <group name="FT">
        <method signature="register.register_001()[pri:0, instance:com.test.register@4b45a2f5]" name="register_001" class="com.test.register"/>
      </group> <!-- FT -->
    </groups>
    <test started-at="2024-05-04T14:03:00 IST" name="Default test" finished-at="2024-05-04T14:03:12 IST" duration-ms="11602">
      <class name="com.test.register">
        <test-method signature="register_001()[pri:0, instance:com.test.register@4b45a2f5]" started-at="2024-05-04T14:03:00 IST" name="register_001" finished-at="2024-05-04T14:03:12 IST" duration-ms="11523" status="PASS">
          <reporter-output>
          </reporter-output>
        </test-method> <!-- register_001 -->
      </class> <!-- com.test.register -->
    </test> <!-- Default test -->
  </suite> <!-- Default suite -->
</testng-results>
